Build started 2020/5/31 17:59:19.
     1>Project "D:\UDM\wurd\learnC++\TabDemo\TabDemo.vcxproj" on node 2 (build target(s)).
     1>InitializeBuildStatus:
         Creating "Debug\TabDemo.unsuccessfulbuild" because "AlwaysCreate" was specified.
       ClCompile:
         All outputs are up-to-date.
         d:\softInstall\Microsoft Visual Studio 10.0\VC\bin\CL.exe /c /ZI /nologo /W3 /WX- /Od /Oy- /D WIN32 /D _WINDOWS /D _DEBUG /D _UNICODE /D UNICODE /D _AFXDLL /Gm /EHsc /RTC1 /MDd /GS /fp:precise /Zc:wchar_t /Zc:forScope /Yu"StdAfx.h" /Fp"Debug\TabDemo.pch" /Fo"Debug\\" /Fd"Debug\vc100.pdb" /Gd /TP /analyze- /errorReport:prompt TabDemoView.cpp
         TabDemoView.cpp
       ResourceCompile:
         All outputs are up-to-date.
       ManifestResourceCompile:
         All outputs are up-to-date.
       Link:
         d:\softInstall\Microsoft Visual Studio 10.0\VC\bin\link.exe /ERRORREPORT:PROMPT /OUT:"D:\UDM\wurd\learnC++\Debug\TabDemo.exe" /INCREMENTAL /NOLOGO /MANIFEST /ManifestFile:"Debug\TabDemo.exe.intermediate.manifest" /MANIFESTUAC:"level='asInvoker' uiAccess='false'" /DEBUG /PDB:"D:\UDM\wurd\learnC++\Debug\TabDemo.pdb" /SUBSYSTEM:WINDOWS /TLBID:1 /ENTRY:"wWinMainCRTStartup" /DYNAMICBASE /NXCOMPAT /IMPLIB:"D:\UDM\wurd\learnC++\Debug\TabDemo.lib" /MACHINE:X86 Debug\TabDemo.res
         Debug\TabDemo.exe.embed.manifest.res
         Debug\MainFrm.obj
         Debug\Prop1.obj
         Debug\Prop2.obj
         Debug\Prop3.obj
         Debug\PropSheet.obj
         Debug\stdafx.obj
         Debug\TabDemo.obj
         Debug\TabDemoDoc.obj
         Debug\TabDemoView.obj
       Manifest:
         C:\Program Files (x86)\Microsoft SDKs\Windows\v7.0A\bin\mt.exe /nologo /verbose /out:"Debug\TabDemo.exe.embed.manifest" /manifest Debug\TabDemo.exe.intermediate.manifest "d:\softInstall\Microsoft Visual Studio 10.0\VC\Include\Manifest\dpiaware.manifest"
         All outputs are up-to-date.
       LinkEmbedManifest:
         All outputs are up-to-date.
         TabDemo.vcxproj -> D:\UDM\wurd\learnC++\Debug\TabDemo.exe
       FinalizeBuildStatus:
         Deleting file "Debug\TabDemo.unsuccessfulbuild".
         Touching "Debug\TabDemo.lastbuildstate".
     1>Done Building Project "D:\UDM\wurd\learnC++\TabDemo\TabDemo.vcxproj" (build target(s)).

Build succeeded.

Time Elapsed 00:00:00.61
