Build started 2020/6/30 20:53:36.
     1>Project "D:\UDM\wurd\learnC++\NetClient\NetClient.vcxproj" on node 2 (rebuild target(s)).
     1>_PrepareForClean:
         Deleting file "Debug\NetClient.lastbuildstate".
       InitializeBuildStatus:
         Creating "Debug\NetClient.unsuccessfulbuild" because "AlwaysCreate" was specified.
       ClCompile:
         d:\softInstall\Microsoft Visual Studio 10.0\VC\bin\CL.exe /c /ZI /nologo /W3 /WX- /Od /Oy- /D WIN32 /D _DEBUG /D _CONSOLE /D _UNICODE /D UNICODE /Gm /EHsc /RTC1 /MDd /GS /fp:precise /Zc:wchar_t /Zc:forScope /Fo"Debug\\" /Fd"Debug\vc100.pdb" /Gd /TP /analyze- /errorReport:prompt NetClient.cpp
         NetClient.cpp
       ManifestResourceCompile:
         C:\Program Files (x86)\Microsoft SDKs\Windows\v7.0A\bin\rc.exe /nologo /fo"Debug\NetClient.exe.embed.manifest.res" Debug\NetClient_manifest.rc 
       Link:
         d:\softInstall\Microsoft Visual Studio 10.0\VC\bin\link.exe /ERRORREPORT:PROMPT /OUT:"D:\UDM\wurd\learnC++\Debug\NetClient.exe" /INCREMENTAL /NOLOGO kernel32.lib user32.lib gdi32.lib winspool.lib comdlg32.lib advapi32.lib shell32.lib ole32.lib oleaut32.lib uuid.lib odbc32.lib odbccp32.lib kernel32.lib user32.lib gdi32.lib winspool.lib comdlg32.lib advapi32.lib shell32.lib ole32.lib oleaut32.lib uuid.lib odbc32.lib odbccp32.lib ws2_32.lib /MANIFEST /ManifestFile:"Debug\NetClient.exe.intermediate.manifest" /MANIFESTUAC:"level='asInvoker' uiAccess='false'" /DEBUG /PDB:"D:\UDM\wurd\learnC++\Debug\NetClient.pdb" /SUBSYSTEM:CONSOLE /TLBID:1 /DYNAMICBASE /NXCOMPAT /IMPLIB:"D:\UDM\wurd\learnC++\Debug\NetClient.lib" /MACHINE:X86 Debug\NetClient.exe.embed.manifest.res
         Debug\NetClient.obj
       Manifest:
         Deleting file "Debug\NetClient.exe.embed.manifest".
         C:\Program Files (x86)\Microsoft SDKs\Windows\v7.0A\bin\mt.exe /nologo /verbose /out:"Debug\NetClient.exe.embed.manifest" /manifest Debug\NetClient.exe.intermediate.manifest
         C:\Program Files (x86)\Microsoft SDKs\Windows\v7.0A\bin\rc.exe /nologo /fo"Debug\NetClient.exe.embed.manifest.res" Debug\NetClient_manifest.rc 
       LinkEmbedManifest:
         d:\softInstall\Microsoft Visual Studio 10.0\VC\bin\link.exe /ERRORREPORT:PROMPT /OUT:"D:\UDM\wurd\learnC++\Debug\NetClient.exe" /INCREMENTAL /NOLOGO kernel32.lib user32.lib gdi32.lib winspool.lib comdlg32.lib advapi32.lib shell32.lib ole32.lib oleaut32.lib uuid.lib odbc32.lib odbccp32.lib kernel32.lib user32.lib gdi32.lib winspool.lib comdlg32.lib advapi32.lib shell32.lib ole32.lib oleaut32.lib uuid.lib odbc32.lib odbccp32.lib ws2_32.lib /MANIFEST /ManifestFile:"Debug\NetClient.exe.intermediate.manifest" /MANIFESTUAC:"level='asInvoker' uiAccess='false'" /DEBUG /PDB:"D:\UDM\wurd\learnC++\Debug\NetClient.pdb" /SUBSYSTEM:CONSOLE /TLBID:1 /DYNAMICBASE /NXCOMPAT /IMPLIB:"D:\UDM\wurd\learnC++\Debug\NetClient.lib" /MACHINE:X86 Debug\NetClient.exe.embed.manifest.res
         Debug\NetClient.obj
         NetClient.vcxproj -> D:\UDM\wurd\learnC++\Debug\NetClient.exe
       FinalizeBuildStatus:
         Deleting file "Debug\NetClient.unsuccessfulbuild".
         Touching "Debug\NetClient.lastbuildstate".
     1>Done Building Project "D:\UDM\wurd\learnC++\NetClient\NetClient.vcxproj" (rebuild target(s)).

Build succeeded.

Time Elapsed 00:00:01.80
