D:\UDM\WURD\LEARNC++\DEBUG\NETCLIENT.EXE
D:\UDM\WURD\LEARNC++\DEBUG\NETCLIENT.ILK
D:\UDM\WURD\LEARNC++\DEBUG\NETCLIENT.PDB
D:\UDM\wurd\learnC++\NetClient\Debug\cl.command.1.tlog
D:\UDM\wurd\learnC++\NetClient\Debug\CL.read.1.tlog
D:\UDM\wurd\learnC++\NetClient\Debug\CL.write.1.tlog
D:\UDM\wurd\learnC++\NetClient\Debug\link.109388.read.1.tlog
D:\UDM\wurd\learnC++\NetClient\Debug\link.109388.write.1.tlog
D:\UDM\wurd\learnC++\NetClient\Debug\link.109388-cvtres.read.1.tlog
D:\UDM\wurd\learnC++\NetClient\Debug\link.109388-cvtres.write.1.tlog
D:\UDM\wurd\learnC++\NetClient\Debug\link.command.1.tlog
D:\UDM\wurd\learnC++\NetClient\Debug\link.read.1.tlog
D:\UDM\wurd\learnC++\NetClient\Debug\link.write.1.tlog
D:\UDM\wurd\learnC++\NetClient\Debug\link-cvtres.read.1.tlog
D:\UDM\wurd\learnC++\NetClient\Debug\link-cvtres.write.1.tlog
D:\UDM\wurd\learnC++\NetClient\Debug\mt.command.1.tlog
D:\UDM\wurd\learnC++\NetClient\Debug\mt.read.1.tlog
D:\UDM\wurd\learnC++\NetClient\Debug\mt.write.1.tlog
D:\UDM\WURD\LEARNC++\NETCLIENT\DEBUG\NETCLIENT.EXE.EMBED.MANIFEST
D:\UDM\WURD\LEARNC++\NETCLIENT\DEBUG\NETCLIENT.EXE.EMBED.MANIFEST.RES
D:\UDM\WURD\LEARNC++\NETCLIENT\DEBUG\NETCLIENT.EXE.INTERMEDIATE.MANIFEST
D:\UDM\WURD\LEARNC++\NETCLIENT\DEBUG\NETCLIENT.OBJ
D:\UDM\wurd\learnC++\NetClient\Debug\NetClient.write.1.tlog
D:\UDM\wurd\learnC++\NetClient\Debug\NetClient_manifest.rc
D:\UDM\wurd\learnC++\NetClient\Debug\rc.command.1.tlog
D:\UDM\wurd\learnC++\NetClient\Debug\rc.read.1.tlog
D:\UDM\wurd\learnC++\NetClient\Debug\rc.write.1.tlog
D:\UDM\wurd\learnC++\NetClient\Debug\vc100.idb
D:\UDM\WURD\LEARNC++\NETCLIENT\DEBUG\VC100.PDB
