Build started 2020/5/28 22:02:09.
     1>Project "D:\UDM\wurd\learnC++\DynamicMenu\DynamicMenu.vcxproj" on node 2 (build target(s)).
     1>InitializeBuildStatus:
         Touching "Debug\DynamicMenu.unsuccessfulbuild".
       ClCompile:
         All outputs are up-to-date.
         d:\softInstall\Microsoft Visual Studio 10.0\VC\bin\CL.exe /c /ZI /nologo /W3 /WX- /Od /Oy- /D WIN32 /D _WINDOWS /D _DEBUG /D _UNICODE /D UNICODE /D _AFXDLL /Gm /EHsc /RTC1 /MDd /GS /fp:precise /Zc:wchar_t /Zc:forScope /Yu"StdAfx.h" /Fp"Debug\DynamicMenu.pch" /Fo"Debug\\" /Fd"Debug\vc100.pdb" /Gd /TP /analyze- /errorReport:prompt DynamicMenu.cpp DynamicMenuView.cpp MainFrm.cpp
         MainFrm.cpp
         DynamicMenuView.cpp
         Generating Code...
         Compiling...
         DynamicMenu.cpp
         Generating Code...
       ResourceCompile:
         All outputs are up-to-date.
       ManifestResourceCompile:
         All outputs are up-to-date.
       Link:
         d:\softInstall\Microsoft Visual Studio 10.0\VC\bin\link.exe /ERRORREPORT:PROMPT /OUT:"D:\UDM\wurd\learnC++\Debug\DynamicMenu.exe" /INCREMENTAL /NOLOGO /MANIFEST /ManifestFile:"Debug\DynamicMenu.exe.intermediate.manifest" /MANIFESTUAC:"level='asInvoker' uiAccess='false'" /DEBUG /PDB:"D:\UDM\wurd\learnC++\Debug\DynamicMenu.pdb" /SUBSYSTEM:WINDOWS /TLBID:1 /ENTRY:"wWinMainCRTStartup" /DYNAMICBASE /NXCOMPAT /IMPLIB:"D:\UDM\wurd\learnC++\Debug\DynamicMenu.lib" /MACHINE:X86 Debug\DynamicMenu.res
         Debug\DynamicMenu.exe.embed.manifest.res
         Debug\DynamicMenu.obj
         Debug\DynamicMenuDoc.obj
         Debug\DynamicMenuView.obj
         Debug\MainFrm.obj
         Debug\stdafx.obj
       Manifest:
         C:\Program Files (x86)\Microsoft SDKs\Windows\v7.0A\bin\mt.exe /nologo /verbose /out:"Debug\DynamicMenu.exe.embed.manifest" /manifest Debug\DynamicMenu.exe.intermediate.manifest "d:\softInstall\Microsoft Visual Studio 10.0\VC\Include\Manifest\dpiaware.manifest"
         All outputs are up-to-date.
       LinkEmbedManifest:
         All outputs are up-to-date.
         DynamicMenu.vcxproj -> D:\UDM\wurd\learnC++\Debug\DynamicMenu.exe
       FinalizeBuildStatus:
         Deleting file "Debug\DynamicMenu.unsuccessfulbuild".
         Touching "Debug\DynamicMenu.lastbuildstate".
     1>Done Building Project "D:\UDM\wurd\learnC++\DynamicMenu\DynamicMenu.vcxproj" (build target(s)).

Build succeeded.

Time Elapsed 00:00:01.12
