Build started 2020/5/25 23:00:54.
     1>Project "D:\UDM\wurd\learnC++\Menu\Menu.vcxproj" on node 2 (build target(s)).
     1>InitializeBuildStatus:
         Creating "Debug\Menu.unsuccessfulbuild" because "AlwaysCreate" was specified.
       ClCompile:
         All outputs are up-to-date.
         All outputs are up-to-date.
       ResourceCompile:
         All outputs are up-to-date.
       ManifestResourceCompile:
         All outputs are up-to-date.
       Link:
         d:\softInstall\Microsoft Visual Studio 10.0\VC\bin\link.exe /ERRORREPORT:PROMPT /OUT:"D:\UDM\wurd\learnC++\Debug\Menu.exe" /INCREMENTAL /NOLOGO /MANIFEST /ManifestFile:"Debug\Menu.exe.intermediate.manifest" /MANIFESTUAC:"level='asInvoker' uiAccess='false'" /DEBUG /PDB:"D:\UDM\wurd\learnC++\Debug\Menu.pdb" /SUBSYSTEM:WINDOWS /TLBID:1 /ENTRY:"wWinMainCRTStartup" /DYNAMICBASE /NXCOMPAT /IMPLIB:"D:\UDM\wurd\learnC++\Debug\Menu.lib" /MACHINE:X86 Debug\Menu.res
         Debug\Menu.exe.embed.manifest.res
         Debug\MainFrm.obj
         Debug\Menu.obj
         Debug\MenuDoc.obj
         Debug\MenuView.obj
         Debug\stdafx.obj
       Manifest:
         C:\Program Files (x86)\Microsoft SDKs\Windows\v7.0A\bin\mt.exe /nologo /verbose /out:"Debug\Menu.exe.embed.manifest" /manifest Debug\Menu.exe.intermediate.manifest "d:\softInstall\Microsoft Visual Studio 10.0\VC\Include\Manifest\dpiaware.manifest"
         All outputs are up-to-date.
       LinkEmbedManifest:
         All outputs are up-to-date.
         Menu.vcxproj -> D:\UDM\wurd\learnC++\Debug\Menu.exe
       FinalizeBuildStatus:
         Deleting file "Debug\Menu.unsuccessfulbuild".
         Touching "Debug\Menu.lastbuildstate".
     1>Done Building Project "D:\UDM\wurd\learnC++\Menu\Menu.vcxproj" (build target(s)).

Build succeeded.

Time Elapsed 00:00:02.14
