D:\UDM\WURD\LEARNC++\DEBUG\EVENTCRITICAL.EXE
D:\UDM\WURD\LEARNC++\DEBUG\EVENTCRITICAL.ILK
D:\UDM\WURD\LEARNC++\DEBUG\EVENTCRITICAL.PDB
D:\UDM\wurd\learnC++\Event\Debug\cl.command.1.tlog
D:\UDM\wurd\learnC++\Event\Debug\CL.read.1.tlog
D:\UDM\wurd\learnC++\Event\Debug\CL.write.1.tlog
D:\UDM\WURD\LEARNC++\EVENT\DEBUG\CRITICAL.OBJ
D:\UDM\WURD\LEARNC++\EVENT\DEBUG\EVENT.OBJ
D:\UDM\WURD\LEARNC++\EVENT\DEBUG\EVENTCRITICAL.EXE.EMBED.MANIFEST
D:\UDM\WURD\LEARNC++\EVENT\DEBUG\EVENTCRITICAL.EXE.EMBED.MANIFEST.RES
D:\UDM\WURD\LEARNC++\EVENT\DEBUG\EVENTCRITICAL.EXE.INTERMEDIATE.MANIFEST
D:\UDM\wurd\learnC++\Event\Debug\EventCritical.write.1.tlog
D:\UDM\wurd\learnC++\Event\Debug\EventCritical_manifest.rc
D:\UDM\wurd\learnC++\Event\Debug\link.3948.read.1.tlog
D:\UDM\wurd\learnC++\Event\Debug\link.3948.write.1.tlog
D:\UDM\wurd\learnC++\Event\Debug\link.3948-cvtres.read.1.tlog
D:\UDM\wurd\learnC++\Event\Debug\link.3948-cvtres.write.1.tlog
D:\UDM\wurd\learnC++\Event\Debug\link.command.1.tlog
D:\UDM\wurd\learnC++\Event\Debug\link.read.1.tlog
D:\UDM\wurd\learnC++\Event\Debug\link.write.1.tlog
D:\UDM\wurd\learnC++\Event\Debug\link-cvtres.read.1.tlog
D:\UDM\wurd\learnC++\Event\Debug\link-cvtres.write.1.tlog
D:\UDM\wurd\learnC++\Event\Debug\mt.command.1.tlog
D:\UDM\wurd\learnC++\Event\Debug\mt.read.1.tlog
D:\UDM\wurd\learnC++\Event\Debug\mt.write.1.tlog
D:\UDM\wurd\learnC++\Event\Debug\rc.command.1.tlog
D:\UDM\wurd\learnC++\Event\Debug\rc.read.1.tlog
D:\UDM\wurd\learnC++\Event\Debug\rc.write.1.tlog
D:\UDM\wurd\learnC++\Event\Debug\vc100.idb
D:\UDM\WURD\LEARNC++\EVENT\DEBUG\VC100.PDB
