Build started 2020/7/5 15:50:00.
     1>Project "D:\UDM\wurd\learnC++\Event\Event.vcxproj" on node 2 (build target(s)).
     1>InitializeBuildStatus:
         Creating "Debug\EventCritical.unsuccessfulbuild" because "AlwaysCreate" was specified.
       ClCompile:
         d:\softInstall\Microsoft Visual Studio 10.0\VC\bin\CL.exe /c /ZI /nologo /W3 /WX- /Od /Oy- /D WIN32 /D _DEBUG /D _CONSOLE /D _UNICODE /D UNICODE /Gm /EHsc /RTC1 /MDd /GS /fp:precise /Zc:wchar_t /Zc:forScope /Fo"Debug\\" /Fd"Debug\vc100.pdb" /Gd /TP /analyze- /errorReport:prompt Critical.cpp
         Critical.cpp
       ManifestResourceCompile:
         All outputs are up-to-date.
       Link:
         d:\softInstall\Microsoft Visual Studio 10.0\VC\bin\link.exe /ERRORREPORT:PROMPT /OUT:"D:\UDM\wurd\learnC++\Debug\EventCritical.exe" /INCREMENTAL /NOLOGO kernel32.lib user32.lib gdi32.lib winspool.lib comdlg32.lib advapi32.lib shell32.lib ole32.lib oleaut32.lib uuid.lib odbc32.lib odbccp32.lib /MANIFEST /ManifestFile:"Debug\EventCritical.exe.intermediate.manifest" /MANIFESTUAC:"level='asInvoker' uiAccess='false'" /DEBUG /PDB:"D:\UDM\wurd\learnC++\Debug\EventCritical.pdb" /SUBSYSTEM:CONSOLE /TLBID:1 /DYNAMICBASE /NXCOMPAT /IMPLIB:"D:\UDM\wurd\learnC++\Debug\EventCritical.lib" /MACHINE:X86 Debug\EventCritical.exe.embed.manifest.res
         Debug\Critical.obj
         Debug\Event.obj
       Manifest:
         C:\Program Files (x86)\Microsoft SDKs\Windows\v7.0A\bin\mt.exe /nologo /verbose /out:"Debug\EventCritical.exe.embed.manifest" /manifest Debug\EventCritical.exe.intermediate.manifest
         All outputs are up-to-date.
       LinkEmbedManifest:
         All outputs are up-to-date.
         Event.vcxproj -> D:\UDM\wurd\learnC++\Debug\EventCritical.exe
       FinalizeBuildStatus:
         Deleting file "Debug\EventCritical.unsuccessfulbuild".
         Touching "Debug\EventCritical.lastbuildstate".
     1>Done Building Project "D:\UDM\wurd\learnC++\Event\Event.vcxproj" (build target(s)).

Build succeeded.

Time Elapsed 00:00:01.39
