D:\UDM\WURD\LEARNC++\DEBUG\UDPCLIENT.EXE
D:\UDM\WURD\LEARNC++\DEBUG\UDPCLIENT.ILK
D:\UDM\WURD\LEARNC++\DEBUG\UDPCLIENT.PDB
D:\UDM\wurd\learnC++\UdpClient\Debug\cl.command.1.tlog
D:\UDM\wurd\learnC++\UdpClient\Debug\CL.read.1.tlog
D:\UDM\wurd\learnC++\UdpClient\Debug\CL.write.1.tlog
D:\UDM\wurd\learnC++\UdpClient\Debug\link.66032.read.1.tlog
D:\UDM\wurd\learnC++\UdpClient\Debug\link.66032.write.1.tlog
D:\UDM\wurd\learnC++\UdpClient\Debug\link.66032-cvtres.read.1.tlog
D:\UDM\wurd\learnC++\UdpClient\Debug\link.66032-cvtres.write.1.tlog
D:\UDM\wurd\learnC++\UdpClient\Debug\link.command.1.tlog
D:\UDM\wurd\learnC++\UdpClient\Debug\link.read.1.tlog
D:\UDM\wurd\learnC++\UdpClient\Debug\link.write.1.tlog
D:\UDM\wurd\learnC++\UdpClient\Debug\link-cvtres.read.1.tlog
D:\UDM\wurd\learnC++\UdpClient\Debug\link-cvtres.write.1.tlog
D:\UDM\wurd\learnC++\UdpClient\Debug\mt.command.1.tlog
D:\UDM\wurd\learnC++\UdpClient\Debug\mt.read.1.tlog
D:\UDM\wurd\learnC++\UdpClient\Debug\mt.write.1.tlog
D:\UDM\wurd\learnC++\UdpClient\Debug\rc.command.1.tlog
D:\UDM\wurd\learnC++\UdpClient\Debug\rc.read.1.tlog
D:\UDM\wurd\learnC++\UdpClient\Debug\rc.write.1.tlog
D:\UDM\WURD\LEARNC++\UDPCLIENT\DEBUG\UDPC.OBJ
D:\UDM\WURD\LEARNC++\UDPCLIENT\DEBUG\UDPCLIENT.EXE.EMBED.MANIFEST
D:\UDM\WURD\LEARNC++\UDPCLIENT\DEBUG\UDPCLIENT.EXE.EMBED.MANIFEST.RES
D:\UDM\WURD\LEARNC++\UDPCLIENT\DEBUG\UDPCLIENT.EXE.INTERMEDIATE.MANIFEST
D:\UDM\wurd\learnC++\UdpClient\Debug\UdpClient.write.1.tlog
D:\UDM\wurd\learnC++\UdpClient\Debug\UdpClient_manifest.rc
D:\UDM\wurd\learnC++\UdpClient\Debug\vc100.idb
D:\UDM\WURD\LEARNC++\UDPCLIENT\DEBUG\VC100.PDB
