Build started 2020/5/31 15:32:01.
     1>Project "D:\UDM\wurd\learnC++\WithDialog\WithDialog.vcxproj" on node 2 (build target(s)).
     1>InitializeBuildStatus:
         Creating "Debug\WithDialog.unsuccessfulbuild" because "AlwaysCreate" was specified.
       ClCompile:
         All outputs are up-to-date.
         d:\softInstall\Microsoft Visual Studio 10.0\VC\bin\CL.exe /c /ZI /nologo /W3 /WX- /Od /Oy- /D WIN32 /D _WINDOWS /D _DEBUG /D _UNICODE /D UNICODE /D _AFXDLL /Gm /EHsc /RTC1 /MDd /GS /fp:precise /Zc:wchar_t /Zc:forScope /Yu"StdAfx.h" /Fp"Debug\WithDialog.pch" /Fo"Debug\\" /Fd"Debug\vc100.pdb" /Gd /TP /analyze- /errorReport:prompt WurdButton.cpp
         WurdButton.cpp
       ResourceCompile:
         C:\Program Files (x86)\Microsoft SDKs\Windows\v7.0A\bin\rc.exe /D _DEBUG /D _UNICODE /D UNICODE /D _AFXDLL /l"0x0409" /IDebug\ /nologo /fo"Debug\WithDialog.res" WithDialog.rc 
       ManifestResourceCompile:
         All outputs are up-to-date.
       Link:
         d:\softInstall\Microsoft Visual Studio 10.0\VC\bin\link.exe /ERRORREPORT:PROMPT /OUT:"D:\UDM\wurd\learnC++\Debug\WithDialog.exe" /INCREMENTAL /NOLOGO /MANIFEST /ManifestFile:"Debug\WithDialog.exe.intermediate.manifest" /MANIFESTUAC:"level='asInvoker' uiAccess='false'" /DEBUG /PDB:"D:\UDM\wurd\learnC++\Debug\WithDialog.pdb" /SUBSYSTEM:WINDOWS /TLBID:1 /ENTRY:"wWinMainCRTStartup" /DYNAMICBASE /NXCOMPAT /IMPLIB:"D:\UDM\wurd\learnC++\Debug\WithDialog.lib" /MACHINE:X86 Debug\WithDialog.res
         Debug\WithDialog.exe.embed.manifest.res
         Debug\stdafx.obj
         Debug\WithDialog.obj
         Debug\WithDialogDlg.obj
         Debug\WurdButton.obj
       Manifest:
         C:\Program Files (x86)\Microsoft SDKs\Windows\v7.0A\bin\mt.exe /nologo /verbose /out:"Debug\WithDialog.exe.embed.manifest" /manifest Debug\WithDialog.exe.intermediate.manifest "d:\softInstall\Microsoft Visual Studio 10.0\VC\Include\Manifest\dpiaware.manifest"
         All outputs are up-to-date.
       LinkEmbedManifest:
         All outputs are up-to-date.
         WithDialog.vcxproj -> D:\UDM\wurd\learnC++\Debug\WithDialog.exe
       FinalizeBuildStatus:
         Deleting file "Debug\WithDialog.unsuccessfulbuild".
         Touching "Debug\WithDialog.lastbuildstate".
     1>Done Building Project "D:\UDM\wurd\learnC++\WithDialog\WithDialog.vcxproj" (build target(s)).

Build succeeded.

Time Elapsed 00:00:00.75
