Build started 2020/6/22 21:42:32.
     1>Project "D:\UDM\wurd\learnC++\File\File.vcxproj" on node 2 (build target(s)).
     1>InitializeBuildStatus:
         Creating "Debug\File.unsuccessfulbuild" because "AlwaysCreate" was specified.
       ClCompile:
         All outputs are up-to-date.
         d:\softInstall\Microsoft Visual Studio 10.0\VC\bin\CL.exe /c /ZI /nologo /W3 /WX- /Od /Oy- /D WIN32 /D _WINDOWS /D _DEBUG /D _UNICODE /D UNICODE /D _AFXDLL /Gm /EHsc /RTC1 /MDd /GS /fp:precise /Zc:wchar_t /Zc:forScope /Yu"StdAfx.h" /Fp"Debug\File.pch" /Fo"Debug\\" /Fd"Debug\vc100.pdb" /Gd /TP /analyze- /errorReport:prompt FileView.cpp
         FileView.cpp
     1>d:\udm\wurd\learnc++\file\fileview.cpp(265): warning C4244: '=' : conversion from 'ULONGLONG' to 'DWORD', possible loss of data
       ResourceCompile:
         All outputs are up-to-date.
       ManifestResourceCompile:
         All outputs are up-to-date.
       Link:
         d:\softInstall\Microsoft Visual Studio 10.0\VC\bin\link.exe /ERRORREPORT:PROMPT /OUT:"D:\UDM\wurd\learnC++\Debug\File.exe" /INCREMENTAL /NOLOGO /MANIFEST /ManifestFile:"Debug\File.exe.intermediate.manifest" /MANIFESTUAC:"level='asInvoker' uiAccess='false'" /DEBUG /PDB:"D:\UDM\wurd\learnC++\Debug\File.pdb" /SUBSYSTEM:WINDOWS /TLBID:1 /ENTRY:"wWinMainCRTStartup" /DYNAMICBASE /NXCOMPAT /IMPLIB:"D:\UDM\wurd\learnC++\Debug\File.lib" /MACHINE:X86 Debug\File.res
         Debug\File.exe.embed.manifest.res
         Debug\File.obj
         Debug\FileDoc.obj
         Debug\FileView.obj
         Debug\MainFrm.obj
         Debug\stdafx.obj
       Manifest:
         C:\Program Files (x86)\Microsoft SDKs\Windows\v7.0A\bin\mt.exe /nologo /verbose /out:"Debug\File.exe.embed.manifest" /manifest Debug\File.exe.intermediate.manifest "d:\softInstall\Microsoft Visual Studio 10.0\VC\Include\Manifest\dpiaware.manifest"
         All outputs are up-to-date.
       LinkEmbedManifest:
         All outputs are up-to-date.
         File.vcxproj -> D:\UDM\wurd\learnC++\Debug\File.exe
       FinalizeBuildStatus:
         Deleting file "Debug\File.unsuccessfulbuild".
         Touching "Debug\File.lastbuildstate".
     1>Done Building Project "D:\UDM\wurd\learnC++\File\File.vcxproj" (build target(s)).

Build succeeded.

Time Elapsed 00:00:00.55
