D:\UDM\WURD\LEARNC++\DEBUG\MENU2.EXE
D:\UDM\WURD\LEARNC++\DEBUG\MENU2.ILK
D:\UDM\WURD\LEARNC++\DEBUG\MENU2.PDB
D:\UDM\wurd\learnC++\Menu2\Debug\cl.command.1.tlog
D:\UDM\wurd\learnC++\Menu2\Debug\CL.read.1.tlog
D:\UDM\wurd\learnC++\Menu2\Debug\CL.write.1.tlog
D:\UDM\wurd\learnC++\Menu2\Debug\link.91788.read.1.tlog
D:\UDM\wurd\learnC++\Menu2\Debug\link.91788.write.1.tlog
D:\UDM\wurd\learnC++\Menu2\Debug\link.91788-cvtres.read.1.tlog
D:\UDM\wurd\learnC++\Menu2\Debug\link.91788-cvtres.write.1.tlog
D:\UDM\wurd\learnC++\Menu2\Debug\link.98364.read.1.tlog
D:\UDM\wurd\learnC++\Menu2\Debug\link.98364.write.1.tlog
D:\UDM\wurd\learnC++\Menu2\Debug\link.98364-cvtres.read.1.tlog
D:\UDM\wurd\learnC++\Menu2\Debug\link.98364-cvtres.write.1.tlog
D:\UDM\wurd\learnC++\Menu2\Debug\link.command.1.tlog
D:\UDM\wurd\learnC++\Menu2\Debug\link.read.1.tlog
D:\UDM\wurd\learnC++\Menu2\Debug\link.write.1.tlog
D:\UDM\wurd\learnC++\Menu2\Debug\link-cvtres.read.1.tlog
D:\UDM\wurd\learnC++\Menu2\Debug\link-cvtres.write.1.tlog
D:\UDM\WURD\LEARNC++\MENU2\DEBUG\MAINFRM.OBJ
D:\UDM\WURD\LEARNC++\MENU2\DEBUG\MENU2.EXE.EMBED.MANIFEST
D:\UDM\WURD\LEARNC++\MENU2\DEBUG\MENU2.EXE.EMBED.MANIFEST.RES
D:\UDM\WURD\LEARNC++\MENU2\DEBUG\MENU2.EXE.INTERMEDIATE.MANIFEST
D:\UDM\WURD\LEARNC++\MENU2\DEBUG\MENU2.OBJ
D:\UDM\WURD\LEARNC++\MENU2\DEBUG\MENU2.PCH
D:\UDM\WURD\LEARNC++\MENU2\DEBUG\MENU2.RES
D:\UDM\wurd\learnC++\Menu2\Debug\Menu2.vcxprojResolveAssemblyReference.cache
D:\UDM\wurd\learnC++\Menu2\Debug\Menu2.write.1.tlog
D:\UDM\wurd\learnC++\Menu2\Debug\Menu2_manifest.rc
D:\UDM\WURD\LEARNC++\MENU2\DEBUG\MENU2DOC.OBJ
D:\UDM\WURD\LEARNC++\MENU2\DEBUG\MENU2VIEW.OBJ
D:\UDM\wurd\learnC++\Menu2\Debug\mt.command.1.tlog
D:\UDM\wurd\learnC++\Menu2\Debug\mt.read.1.tlog
D:\UDM\wurd\learnC++\Menu2\Debug\mt.write.1.tlog
D:\UDM\wurd\learnC++\Menu2\Debug\rc.command.1.tlog
D:\UDM\wurd\learnC++\Menu2\Debug\rc.read.1.tlog
D:\UDM\wurd\learnC++\Menu2\Debug\rc.write.1.tlog
D:\UDM\WURD\LEARNC++\MENU2\DEBUG\STDAFX.OBJ
D:\UDM\wurd\learnC++\Menu2\Debug\vc100.idb
D:\UDM\WURD\LEARNC++\MENU2\DEBUG\VC100.PDB
