Build started 2020/5/17 22:54:33.
     1>Project "D:\UDM\wurd\learnC++\lesson2\lesson2.vcxproj" on node 2 (build target(s)).
     1>InitializeBuildStatus:
         Touching "Debug\lesson2.unsuccessfulbuild".
       ClCompile:
         All outputs are up-to-date.
         d:\softInstall\Microsoft Visual Studio 10.0\VC\bin\CL.exe /c /ZI /nologo /W3 /WX- /Od /Oy- /D WIN32 /D _DEBUG /D _CONSOLE /D _UNICODE /D UNICODE /Gm /EHsc /RTC1 /MDd /GS /fp:precise /Zc:wchar_t /Zc:forScope /Yu"StdAfx.h" /Fp"Debug\lesson2.pch" /Fo"Debug\\" /Fd"Debug\vc100.pdb" /Gd /TP /analyze- /errorReport:prompt Point_w.cpp
         Point_w.cpp
       ManifestResourceCompile:
         All outputs are up-to-date.
       Link:
         d:\softInstall\Microsoft Visual Studio 10.0\VC\bin\link.exe /ERRORREPORT:PROMPT /OUT:"D:\UDM\wurd\learnC++\Debug\lesson2.exe" /INCREMENTAL /NOLOGO kernel32.lib user32.lib gdi32.lib winspool.lib comdlg32.lib advapi32.lib shell32.lib ole32.lib oleaut32.lib uuid.lib odbc32.lib odbccp32.lib /MANIFEST /ManifestFile:"Debug\lesson2.exe.intermediate.manifest" /MANIFESTUAC:"level='asInvoker' uiAccess='false'" /DEBUG /PDB:"D:\UDM\wurd\learnC++\Debug\lesson2.pdb" /SUBSYSTEM:CONSOLE /TLBID:1 /DYNAMICBASE /NXCOMPAT /IMPLIB:"D:\UDM\wurd\learnC++\Debug\lesson2.lib" /MACHINE:X86 Debug\lesson2.exe.embed.manifest.res
         Debug\ExtendTest.obj
         Debug\lesson2.obj
         Debug\Point_w.obj
         Debug\stdafx.obj
       Manifest:
         C:\Program Files (x86)\Microsoft SDKs\Windows\v7.0A\bin\mt.exe /nologo /verbose /out:"Debug\lesson2.exe.embed.manifest" /manifest Debug\lesson2.exe.intermediate.manifest
         All outputs are up-to-date.
       LinkEmbedManifest:
         All outputs are up-to-date.
         lesson2.vcxproj -> D:\UDM\wurd\learnC++\Debug\lesson2.exe
       FinalizeBuildStatus:
         Deleting file "Debug\lesson2.unsuccessfulbuild".
         Touching "Debug\lesson2.lastbuildstate".
     1>Done Building Project "D:\UDM\wurd\learnC++\lesson2\lesson2.vcxproj" (build target(s)).

Build succeeded.

Time Elapsed 00:00:00.97
