D:\UDM\WURD\LEARNC++\DEBUG\FILESERIAL.EXE
D:\UDM\WURD\LEARNC++\DEBUG\FILESERIAL.ILK
D:\UDM\WURD\LEARNC++\DEBUG\FILESERIAL.PDB
D:\UDM\wurd\learnC++\FileSerial\Debug\cl.command.1.tlog
D:\UDM\wurd\learnC++\FileSerial\Debug\CL.read.1.tlog
D:\UDM\wurd\learnC++\FileSerial\Debug\CL.write.1.tlog
D:\UDM\WURD\LEARNC++\FILESERIAL\DEBUG\FILESERIAL.EXE.EMBED.MANIFEST
D:\UDM\WURD\LEARNC++\FILESERIAL\DEBUG\FILESERIAL.EXE.EMBED.MANIFEST.RES
D:\UDM\WURD\LEARNC++\FILESERIAL\DEBUG\FILESERIAL.EXE.INTERMEDIATE.MANIFEST
D:\UDM\WURD\LEARNC++\FILESERIAL\DEBUG\FILESERIAL.OBJ
D:\UDM\WURD\LEARNC++\FILESERIAL\DEBUG\FILESERIAL.PCH
D:\UDM\WURD\LEARNC++\FILESERIAL\DEBUG\FILESERIAL.RES
D:\UDM\wurd\learnC++\FileSerial\Debug\FileSerial.vcxprojResolveAssemblyReference.cache
D:\UDM\wurd\learnC++\FileSerial\Debug\FileSerial.write.1.tlog
D:\UDM\wurd\learnC++\FileSerial\Debug\FileSerial_manifest.rc
D:\UDM\WURD\LEARNC++\FILESERIAL\DEBUG\FILESERIALDOC.OBJ
D:\UDM\WURD\LEARNC++\FILESERIAL\DEBUG\FILESERIALVIEW.OBJ
D:\UDM\wurd\learnC++\FileSerial\Debug\link.command.1.tlog
D:\UDM\wurd\learnC++\FileSerial\Debug\link.read.1.tlog
D:\UDM\wurd\learnC++\FileSerial\Debug\link.write.1.tlog
D:\UDM\wurd\learnC++\FileSerial\Debug\link-cvtres.read.1.tlog
D:\UDM\wurd\learnC++\FileSerial\Debug\link-cvtres.write.1.tlog
D:\UDM\WURD\LEARNC++\FILESERIAL\DEBUG\MAINFRM.OBJ
D:\UDM\wurd\learnC++\FileSerial\Debug\mt.command.1.tlog
D:\UDM\wurd\learnC++\FileSerial\Debug\mt.read.1.tlog
D:\UDM\wurd\learnC++\FileSerial\Debug\mt.write.1.tlog
D:\UDM\wurd\learnC++\FileSerial\Debug\rc.command.1.tlog
D:\UDM\wurd\learnC++\FileSerial\Debug\rc.read.1.tlog
D:\UDM\wurd\learnC++\FileSerial\Debug\rc.write.1.tlog
D:\UDM\WURD\LEARNC++\FILESERIAL\DEBUG\STDAFX.OBJ
D:\UDM\wurd\learnC++\FileSerial\Debug\vc100.idb
D:\UDM\WURD\LEARNC++\FILESERIAL\DEBUG\VC100.PDB
