Build started 2020/5/18 21:04:56.
     1>Project "D:\UDM\wurd\learnC++\learnC++\learnC++.vcxproj" on node 2 (build target(s)).
     1>InitializeBuildStatus:
         Creating "Debug\learnC++.unsuccessfulbuild" because "AlwaysCreate" was specified.
       ClCompile:
         d:\softInstall\Microsoft Visual Studio 10.0\VC\bin\CL.exe /c /ZI /nologo /W3 /WX- /Od /Oy- /D _MBCS /Gm /EHsc /RTC1 /MDd /GS /fp:precise /Zc:wchar_t /Zc:forScope /Fo"Debug\\" /Fd"Debug\vc100.pdb" /Gd /TP /analyze- /errorReport:prompt lesson1.cpp
         lesson1.cpp
     1>d:\udm\wurd\learnc++\learnc++\lesson1.cpp(63): warning C4996: 'sprintf': This function or variable may be unsafe. Consider using sprintf_s instead. To disable deprecation, use _CRT_SECURE_NO_WARNINGS. See online help for details.
                 d:\softinstall\microsoft visual studio 10.0\vc\include\stdio.h(371) : see declaration of 'sprintf'
       Link:
         d:\softInstall\Microsoft Visual Studio 10.0\VC\bin\link.exe /ERRORREPORT:PROMPT /OUT:"D:\UDM\wurd\learnC++\Debug\learnC++.exe" /NOLOGO kernel32.lib user32.lib gdi32.lib winspool.lib comdlg32.lib advapi32.lib shell32.lib ole32.lib oleaut32.lib uuid.lib odbc32.lib odbccp32.lib /MANIFEST /ManifestFile:"Debug\learnC++.exe.intermediate.manifest" /MANIFESTUAC:"level='asInvoker' uiAccess='false'" /DEBUG /PDB:"D:\UDM\wurd\learnC++\Debug\learnC++.pdb" /TLBID:1 /DYNAMICBASE /NXCOMPAT /IMPLIB:"D:\UDM\wurd\learnC++\Debug\learnC++.lib" /MACHINE:X86 Debug\lesson1.obj
         LINK : D:\UDM\wurd\learnC++\Debug\learnC++.exe not found or not built by the last incremental link; performing full link
         learnC++.vcxproj -> D:\UDM\wurd\learnC++\Debug\learnC++.exe
       Manifest:
         C:\Program Files (x86)\Microsoft SDKs\Windows\v7.0A\bin\mt.exe /nologo /verbose /outputresource:"D:\UDM\wurd\learnC++\Debug\learnC++.exe;#1" /manifest Debug\learnC++.exe.intermediate.manifest
       FinalizeBuildStatus:
         Deleting file "Debug\learnC++.unsuccessfulbuild".
         Touching "Debug\learnC++.lastbuildstate".
     1>Done Building Project "D:\UDM\wurd\learnC++\learnC++\learnC++.vcxproj" (build target(s)).

Build succeeded.

Time Elapsed 00:00:02.50
