Build started 2020/5/25 23:21:39.
     1>Project "D:\UDM\wurd\learnC++\text\text.vcxproj" on node 2 (build target(s)).
     1>InitializeBuildStatus:
         Creating "Debug\text.unsuccessfulbuild" because "AlwaysCreate" was specified.
       ClCompile:
         All outputs are up-to-date.
         d:\softInstall\Microsoft Visual Studio 10.0\VC\bin\CL.exe /c /ZI /nologo /W3 /WX- /Od /Oy- /D WIN32 /D _WINDOWS /D _DEBUG /D _UNICODE /D UNICODE /D _AFXDLL /Gm /EHsc /RTC1 /MDd /GS /fp:precise /Zc:wchar_t /Zc:forScope /Yu"StdAfx.h" /Fp"Debug\text.pch" /Fo"Debug\\" /Fd"Debug\vc100.pdb" /Gd /TP /analyze- /errorReport:prompt ChildView.cpp
         ChildView.cpp
       ResourceCompile:
         All outputs are up-to-date.
       ManifestResourceCompile:
         All outputs are up-to-date.
       Link:
         d:\softInstall\Microsoft Visual Studio 10.0\VC\bin\link.exe /ERRORREPORT:PROMPT /OUT:"D:\UDM\wurd\learnC++\Debug\text.exe" /INCREMENTAL /NOLOGO /MANIFEST /ManifestFile:"Debug\text.exe.intermediate.manifest" /MANIFESTUAC:"level='asInvoker' uiAccess='false'" /DEBUG /PDB:"D:\UDM\wurd\learnC++\Debug\text.pdb" /SUBSYSTEM:WINDOWS /TLBID:1 /ENTRY:"wWinMainCRTStartup" /DYNAMICBASE /NXCOMPAT /IMPLIB:"D:\UDM\wurd\learnC++\Debug\text.lib" /MACHINE:X86 Debug\text.res
         Debug\text.exe.embed.manifest.res
         Debug\ChildView.obj
         Debug\MainFrm.obj
         Debug\stdafx.obj
         Debug\text.obj
       Manifest:
         C:\Program Files (x86)\Microsoft SDKs\Windows\v7.0A\bin\mt.exe /nologo /verbose /out:"Debug\text.exe.embed.manifest" /manifest Debug\text.exe.intermediate.manifest "d:\softInstall\Microsoft Visual Studio 10.0\VC\Include\Manifest\dpiaware.manifest"
         All outputs are up-to-date.
       LinkEmbedManifest:
         All outputs are up-to-date.
         text.vcxproj -> D:\UDM\wurd\learnC++\Debug\text.exe
       FinalizeBuildStatus:
         Deleting file "Debug\text.unsuccessfulbuild".
         Touching "Debug\text.lastbuildstate".
     1>Done Building Project "D:\UDM\wurd\learnC++\text\text.vcxproj" (build target(s)).

Build succeeded.

Time Elapsed 00:00:10.25
