D:\UDM\WURD\LEARNC++\DEBUG\UDPSRV.EXE
D:\UDM\WURD\LEARNC++\DEBUG\UDPSRV.ILK
D:\UDM\WURD\LEARNC++\DEBUG\UDPSRV.PDB
D:\UDM\wurd\learnC++\UdpSrv\Debug\cl.command.1.tlog
D:\UDM\wurd\learnC++\UdpSrv\Debug\CL.read.1.tlog
D:\UDM\wurd\learnC++\UdpSrv\Debug\CL.write.1.tlog
D:\UDM\wurd\learnC++\UdpSrv\Debug\link.42844.read.1.tlog
D:\UDM\wurd\learnC++\UdpSrv\Debug\link.42844.write.1.tlog
D:\UDM\wurd\learnC++\UdpSrv\Debug\link.42844-cvtres.read.1.tlog
D:\UDM\wurd\learnC++\UdpSrv\Debug\link.42844-cvtres.write.1.tlog
D:\UDM\wurd\learnC++\UdpSrv\Debug\link.command.1.tlog
D:\UDM\wurd\learnC++\UdpSrv\Debug\link.read.1.tlog
D:\UDM\wurd\learnC++\UdpSrv\Debug\link.write.1.tlog
D:\UDM\wurd\learnC++\UdpSrv\Debug\link-cvtres.read.1.tlog
D:\UDM\wurd\learnC++\UdpSrv\Debug\link-cvtres.write.1.tlog
D:\UDM\wurd\learnC++\UdpSrv\Debug\mt.command.1.tlog
D:\UDM\wurd\learnC++\UdpSrv\Debug\mt.read.1.tlog
D:\UDM\wurd\learnC++\UdpSrv\Debug\mt.write.1.tlog
D:\UDM\wurd\learnC++\UdpSrv\Debug\rc.command.1.tlog
D:\UDM\wurd\learnC++\UdpSrv\Debug\rc.read.1.tlog
D:\UDM\wurd\learnC++\UdpSrv\Debug\rc.write.1.tlog
D:\UDM\WURD\LEARNC++\UDPSRV\DEBUG\UDPSRV.EXE.EMBED.MANIFEST
D:\UDM\WURD\LEARNC++\UDPSRV\DEBUG\UDPSRV.EXE.EMBED.MANIFEST.RES
D:\UDM\WURD\LEARNC++\UDPSRV\DEBUG\UDPSRV.EXE.INTERMEDIATE.MANIFEST
D:\UDM\WURD\LEARNC++\UDPSRV\DEBUG\UDPSRV.OBJ
D:\UDM\wurd\learnC++\UdpSrv\Debug\UdpSrv.write.1.tlog
D:\UDM\wurd\learnC++\UdpSrv\Debug\UdpSrv_manifest.rc
D:\UDM\wurd\learnC++\UdpSrv\Debug\vc100.idb
D:\UDM\WURD\LEARNC++\UDPSRV\DEBUG\VC100.PDB
