Build started 2020/6/20 20:31:25.
     1>Project "D:\UDM\wurd\learnC++\Graphic-save-redraw\Graphic-save-redraw.vcxproj" on node 2 (build target(s)).
     1>InitializeBuildStatus:
         Creating "Debug\Graphic-save-redraw.unsuccessfulbuild" because "AlwaysCreate" was specified.
       ClCompile:
         All outputs are up-to-date.
         d:\softInstall\Microsoft Visual Studio 10.0\VC\bin\CL.exe /c /ZI /nologo /W3 /WX- /Od /Oy- /D WIN32 /D _WINDOWS /D _DEBUG /D _UNICODE /D UNICODE /D _AFXDLL /Gm /EHsc /RTC1 /MDd /GS /fp:precise /Zc:wchar_t /Zc:forScope /Yu"StdAfx.h" /Fp"Debug\Graphic-save-redraw.pch" /Fo"Debug\\" /Fd"Debug\vc100.pdb" /Gd /TP /analyze- /errorReport:prompt "Graphic-save-redrawView.cpp"
         Graphic-save-redrawView.cpp
       ResourceCompile:
         All outputs are up-to-date.
       ManifestResourceCompile:
         All outputs are up-to-date.
       Link:
         d:\softInstall\Microsoft Visual Studio 10.0\VC\bin\link.exe /ERRORREPORT:PROMPT /OUT:"D:\UDM\wurd\learnC++\Debug\Graphic-save-redraw.exe" /INCREMENTAL /NOLOGO /MANIFEST /ManifestFile:"Debug\Graphic-save-redraw.exe.intermediate.manifest" /MANIFESTUAC:"level='asInvoker' uiAccess='false'" /DEBUG /PDB:"D:\UDM\wurd\learnC++\Debug\Graphic-save-redraw.pdb" /SUBSYSTEM:WINDOWS /TLBID:1 /ENTRY:"wWinMainCRTStartup" /DYNAMICBASE /NXCOMPAT /IMPLIB:"D:\UDM\wurd\learnC++\Debug\Graphic-save-redraw.lib" /MACHINE:X86 "Debug\Graphic-save-redraw.res"
         "Debug\Graphic-save-redraw.exe.embed.manifest.res"
         Debug\Graph.obj
         "Debug\Graphic-save-redraw.obj"
         "Debug\Graphic-save-redrawDoc.obj"
         "Debug\Graphic-save-redrawView.obj"
         Debug\MainFrm.obj
         Debug\stdafx.obj
       Manifest:
         C:\Program Files (x86)\Microsoft SDKs\Windows\v7.0A\bin\mt.exe /nologo /verbose /out:"Debug\Graphic-save-redraw.exe.embed.manifest" /manifest "Debug\Graphic-save-redraw.exe.intermediate.manifest" "d:\softInstall\Microsoft Visual Studio 10.0\VC\Include\Manifest\dpiaware.manifest"
         All outputs are up-to-date.
       LinkEmbedManifest:
         All outputs are up-to-date.
         Graphic-save-redraw.vcxproj -> D:\UDM\wurd\learnC++\Debug\Graphic-save-redraw.exe
       FinalizeBuildStatus:
         Deleting file "Debug\Graphic-save-redraw.unsuccessfulbuild".
         Touching "Debug\Graphic-save-redraw.lastbuildstate".
     1>Done Building Project "D:\UDM\wurd\learnC++\Graphic-save-redraw\Graphic-save-redraw.vcxproj" (build target(s)).

Build succeeded.

Time Elapsed 00:00:00.72
