D:\UDM\WURD\LEARNC++\DEBUG\MULTITHREAD.EXE
D:\UDM\WURD\LEARNC++\DEBUG\MULTITHREAD.ILK
D:\UDM\WURD\LEARNC++\DEBUG\MULTITHREAD.PDB
D:\UDM\wurd\learnC++\MultiThread\Debug\cl.command.1.tlog
D:\UDM\wurd\learnC++\MultiThread\Debug\CL.read.1.tlog
D:\UDM\wurd\learnC++\MultiThread\Debug\CL.write.1.tlog
D:\UDM\wurd\learnC++\MultiThread\Debug\link.97360.read.1.tlog
D:\UDM\wurd\learnC++\MultiThread\Debug\link.97360.write.1.tlog
D:\UDM\wurd\learnC++\MultiThread\Debug\link.97360-cvtres.read.1.tlog
D:\UDM\wurd\learnC++\MultiThread\Debug\link.97360-cvtres.write.1.tlog
D:\UDM\wurd\learnC++\MultiThread\Debug\link.command.1.tlog
D:\UDM\wurd\learnC++\MultiThread\Debug\link.read.1.tlog
D:\UDM\wurd\learnC++\MultiThread\Debug\link.write.1.tlog
D:\UDM\wurd\learnC++\MultiThread\Debug\link-cvtres.read.1.tlog
D:\UDM\wurd\learnC++\MultiThread\Debug\link-cvtres.write.1.tlog
D:\UDM\wurd\learnC++\MultiThread\Debug\mt.command.1.tlog
D:\UDM\wurd\learnC++\MultiThread\Debug\mt.read.1.tlog
D:\UDM\wurd\learnC++\MultiThread\Debug\mt.write.1.tlog
D:\UDM\WURD\LEARNC++\MULTITHREAD\DEBUG\MULTIT.OBJ
D:\UDM\WURD\LEARNC++\MULTITHREAD\DEBUG\MULTITHREAD.EXE.EMBED.MANIFEST
D:\UDM\WURD\LEARNC++\MULTITHREAD\DEBUG\MULTITHREAD.EXE.EMBED.MANIFEST.RES
D:\UDM\WURD\LEARNC++\MULTITHREAD\DEBUG\MULTITHREAD.EXE.INTERMEDIATE.MANIFEST
D:\UDM\wurd\learnC++\MultiThread\Debug\MultiThread.write.1.tlog
D:\UDM\wurd\learnC++\MultiThread\Debug\MultiThread_manifest.rc
D:\UDM\wurd\learnC++\MultiThread\Debug\rc.command.1.tlog
D:\UDM\wurd\learnC++\MultiThread\Debug\rc.read.1.tlog
D:\UDM\wurd\learnC++\MultiThread\Debug\rc.write.1.tlog
D:\UDM\wurd\learnC++\MultiThread\Debug\vc100.idb
D:\UDM\WURD\LEARNC++\MULTITHREAD\DEBUG\VC100.PDB
