Build started 2020/5/25 23:22:09.
     1>Project "D:\UDM\wurd\learnC++\WinMain\WinMain.vcxproj" on node 2 (build target(s)).
     1>InitializeBuildStatus:
         Creating "Debug\WinMain.unsuccessfulbuild" because "AlwaysCreate" was specified.
       ClCompile:
         All outputs are up-to-date.
         All outputs are up-to-date.
       ResourceCompile:
         All outputs are up-to-date.
       ManifestResourceCompile:
         All outputs are up-to-date.
       Link:
         d:\softInstall\Microsoft Visual Studio 10.0\VC\bin\link.exe /ERRORREPORT:PROMPT /OUT:"D:\UDM\wurd\learnC++\Debug\WinMain.exe" /INCREMENTAL /NOLOGO kernel32.lib user32.lib gdi32.lib winspool.lib comdlg32.lib advapi32.lib shell32.lib ole32.lib oleaut32.lib uuid.lib odbc32.lib odbccp32.lib /MANIFEST /ManifestFile:"Debug\WinMain.exe.intermediate.manifest" /MANIFESTUAC:"level='asInvoker' uiAccess='false'" /DEBUG /PDB:"D:\UDM\wurd\learnC++\Debug\WinMain.pdb" /SUBSYSTEM:WINDOWS /TLBID:1 /DYNAMICBASE /NXCOMPAT /IMPLIB:"D:\UDM\wurd\learnC++\Debug\WinMain.lib" /MACHINE:X86 Debug\WinMain.res
         Debug\WinMain.exe.embed.manifest.res
         Debug\stdafx.obj
         Debug\WinMain.obj
         Debug\WinMain1.obj
       Manifest:
         C:\Program Files (x86)\Microsoft SDKs\Windows\v7.0A\bin\mt.exe /nologo /verbose /out:"Debug\WinMain.exe.embed.manifest" /manifest Debug\WinMain.exe.intermediate.manifest
         All outputs are up-to-date.
       LinkEmbedManifest:
         All outputs are up-to-date.
         WinMain.vcxproj -> D:\UDM\wurd\learnC++\Debug\WinMain.exe
       FinalizeBuildStatus:
         Deleting file "Debug\WinMain.unsuccessfulbuild".
         Touching "Debug\WinMain.lastbuildstate".
     1>Done Building Project "D:\UDM\wurd\learnC++\WinMain\WinMain.vcxproj" (build target(s)).

Build succeeded.

Time Elapsed 00:00:01.03
