D:\UDM\WURD\LEARNC++\DEBUG\NETSRV.EXE
D:\UDM\WURD\LEARNC++\DEBUG\NETSRV.ILK
D:\UDM\WURD\LEARNC++\DEBUG\NETSRV.PDB
D:\UDM\wurd\learnC++\NetSrv\Debug\cl.command.1.tlog
D:\UDM\wurd\learnC++\NetSrv\Debug\CL.read.1.tlog
D:\UDM\wurd\learnC++\NetSrv\Debug\CL.write.1.tlog
D:\UDM\wurd\learnC++\NetSrv\Debug\link.99536.read.1.tlog
D:\UDM\wurd\learnC++\NetSrv\Debug\link.99536.write.1.tlog
D:\UDM\wurd\learnC++\NetSrv\Debug\link.99536-cvtres.read.1.tlog
D:\UDM\wurd\learnC++\NetSrv\Debug\link.99536-cvtres.write.1.tlog
D:\UDM\wurd\learnC++\NetSrv\Debug\link.command.1.tlog
D:\UDM\wurd\learnC++\NetSrv\Debug\link.read.1.tlog
D:\UDM\wurd\learnC++\NetSrv\Debug\link.write.1.tlog
D:\UDM\wurd\learnC++\NetSrv\Debug\link-cvtres.read.1.tlog
D:\UDM\wurd\learnC++\NetSrv\Debug\link-cvtres.write.1.tlog
D:\UDM\wurd\learnC++\NetSrv\Debug\mt.command.1.tlog
D:\UDM\wurd\learnC++\NetSrv\Debug\mt.read.1.tlog
D:\UDM\wurd\learnC++\NetSrv\Debug\mt.write.1.tlog
D:\UDM\WURD\LEARNC++\NETSRV\DEBUG\NETSRV.EXE.EMBED.MANIFEST
D:\UDM\WURD\LEARNC++\NETSRV\DEBUG\NETSRV.EXE.EMBED.MANIFEST.RES
D:\UDM\WURD\LEARNC++\NETSRV\DEBUG\NETSRV.EXE.INTERMEDIATE.MANIFEST
D:\UDM\WURD\LEARNC++\NETSRV\DEBUG\NETSRV.OBJ
D:\UDM\wurd\learnC++\NetSrv\Debug\NetSrv.write.1.tlog
D:\UDM\wurd\learnC++\NetSrv\Debug\NetSrv_manifest.rc
D:\UDM\wurd\learnC++\NetSrv\Debug\rc.command.1.tlog
D:\UDM\wurd\learnC++\NetSrv\Debug\rc.read.1.tlog
D:\UDM\wurd\learnC++\NetSrv\Debug\rc.write.1.tlog
D:\UDM\wurd\learnC++\NetSrv\Debug\vc100.idb
D:\UDM\WURD\LEARNC++\NETSRV\DEBUG\VC100.PDB
