Build started 2020/5/30 16:22:07.
     1>Project "D:\UDM\wurd\learnC++\Dilog\Dilog.vcxproj" on node 2 (build target(s)).
     1>InitializeBuildStatus:
         Creating "Debug\Dilog.unsuccessfulbuild" because "AlwaysCreate" was specified.
       ClCompile:
         All outputs are up-to-date.
         All outputs are up-to-date.
       ResourceCompile:
         C:\Program Files (x86)\Microsoft SDKs\Windows\v7.0A\bin\rc.exe /D _DEBUG /D _UNICODE /D UNICODE /D _AFXDLL /l"0x0409" /IDebug\ /nologo /fo"Debug\Dilog.res" Dilog.rc 
       ManifestResourceCompile:
         All outputs are up-to-date.
       Link:
         d:\softInstall\Microsoft Visual Studio 10.0\VC\bin\link.exe /ERRORREPORT:PROMPT /OUT:"D:\UDM\wurd\learnC++\Debug\Dilog.exe" /INCREMENTAL /NOLOGO /MANIFEST /ManifestFile:"Debug\Dilog.exe.intermediate.manifest" /MANIFESTUAC:"level='asInvoker' uiAccess='false'" /DEBUG /PDB:"D:\UDM\wurd\learnC++\Debug\Dilog.pdb" /SUBSYSTEM:WINDOWS /TLBID:1 /ENTRY:"wWinMainCRTStartup" /DYNAMICBASE /NXCOMPAT /IMPLIB:"D:\UDM\wurd\learnC++\Debug\Dilog.lib" /MACHINE:X86 Debug\Dilog.res
         Debug\Dilog.exe.embed.manifest.res
         Debug\CtestDilog.obj
         Debug\Dilog.obj
         Debug\DilogDoc.obj
         Debug\DilogView.obj
         Debug\MainFrm.obj
         Debug\stdafx.obj
       Manifest:
         C:\Program Files (x86)\Microsoft SDKs\Windows\v7.0A\bin\mt.exe /nologo /verbose /out:"Debug\Dilog.exe.embed.manifest" /manifest Debug\Dilog.exe.intermediate.manifest "d:\softInstall\Microsoft Visual Studio 10.0\VC\Include\Manifest\dpiaware.manifest"
         All outputs are up-to-date.
       LinkEmbedManifest:
         All outputs are up-to-date.
         Dilog.vcxproj -> D:\UDM\wurd\learnC++\Debug\Dilog.exe
       FinalizeBuildStatus:
         Deleting file "Debug\Dilog.unsuccessfulbuild".
         Touching "Debug\Dilog.lastbuildstate".
     1>Done Building Project "D:\UDM\wurd\learnC++\Dilog\Dilog.vcxproj" (build target(s)).

Build succeeded.

Time Elapsed 00:00:00.51
