D:\UDM\WURD\LEARNC++\DEBUG\TCPSRV.EXE
D:\UDM\WURD\LEARNC++\DEBUG\TCPSRV.ILK
D:\UDM\WURD\LEARNC++\DEBUG\TCPSRV.PDB
D:\UDM\wurd\learnC++\TCPSrv\Debug\cl.command.1.tlog
D:\UDM\wurd\learnC++\TCPSrv\Debug\CL.read.1.tlog
D:\UDM\wurd\learnC++\TCPSrv\Debug\CL.write.1.tlog
D:\UDM\wurd\learnC++\TCPSrv\Debug\link.133368.read.1.tlog
D:\UDM\wurd\learnC++\TCPSrv\Debug\link.133368.write.1.tlog
D:\UDM\wurd\learnC++\TCPSrv\Debug\link.133368-cvtres.read.1.tlog
D:\UDM\wurd\learnC++\TCPSrv\Debug\link.133368-cvtres.write.1.tlog
D:\UDM\wurd\learnC++\TCPSrv\Debug\link.command.1.tlog
D:\UDM\wurd\learnC++\TCPSrv\Debug\link.read.1.tlog
D:\UDM\wurd\learnC++\TCPSrv\Debug\link.write.1.tlog
D:\UDM\wurd\learnC++\TCPSrv\Debug\link-cvtres.read.1.tlog
D:\UDM\wurd\learnC++\TCPSrv\Debug\link-cvtres.write.1.tlog
D:\UDM\wurd\learnC++\TCPSrv\Debug\mt.command.1.tlog
D:\UDM\wurd\learnC++\TCPSrv\Debug\mt.read.1.tlog
D:\UDM\wurd\learnC++\TCPSrv\Debug\mt.write.1.tlog
D:\UDM\wurd\learnC++\TCPSrv\Debug\rc.command.1.tlog
D:\UDM\wurd\learnC++\TCPSrv\Debug\rc.read.1.tlog
D:\UDM\wurd\learnC++\TCPSrv\Debug\rc.write.1.tlog
D:\UDM\WURD\LEARNC++\TCPSRV\DEBUG\TCPSRV.EXE.EMBED.MANIFEST
D:\UDM\WURD\LEARNC++\TCPSRV\DEBUG\TCPSRV.EXE.EMBED.MANIFEST.RES
D:\UDM\WURD\LEARNC++\TCPSRV\DEBUG\TCPSRV.EXE.INTERMEDIATE.MANIFEST
D:\UDM\WURD\LEARNC++\TCPSRV\DEBUG\TCPSRV.OBJ
D:\UDM\wurd\learnC++\TCPSrv\Debug\TCPSrv.write.1.tlog
D:\UDM\wurd\learnC++\TCPSrv\Debug\TCPSrv_manifest.rc
D:\UDM\wurd\learnC++\TCPSrv\Debug\vc100.idb
D:\UDM\WURD\LEARNC++\TCPSRV\DEBUG\VC100.PDB
