Build started 2020/6/30 20:11:38.
     1>Project "D:\UDM\wurd\learnC++\TCPSrv\TCPSrv.vcxproj" on node 2 (build target(s)).
     1>InitializeBuildStatus:
         Creating "Debug\TCPSrv.unsuccessfulbuild" because "AlwaysCreate" was specified.
       ClCompile:
         d:\softInstall\Microsoft Visual Studio 10.0\VC\bin\CL.exe /c /ZI /nologo /W3 /WX- /Od /Oy- /D WIN32 /D _DEBUG /D _CONSOLE /D _UNICODE /D UNICODE /Gm /EHsc /RTC1 /MDd /GS /fp:precise /Zc:wchar_t /Zc:forScope /Fo"Debug\\" /Fd"Debug\vc100.pdb" /Gd /TP /analyze- /errorReport:prompt TcpSrv.cpp
         TcpSrv.cpp
     1>d:\udm\wurd\learnc++\tcpsrv\tcpsrv.cpp(43): warning C4996: 'sprintf': This function or variable may be unsafe. Consider using sprintf_s instead. To disable deprecation, use _CRT_SECURE_NO_WARNINGS. See online help for details.
                 d:\softinstall\microsoft visual studio 10.0\vc\include\stdio.h(371) : see declaration of 'sprintf'
       ManifestResourceCompile:
         All outputs are up-to-date.
       Link:
         d:\softInstall\Microsoft Visual Studio 10.0\VC\bin\link.exe /ERRORREPORT:PROMPT /OUT:"D:\UDM\wurd\learnC++\Debug\TCPSrv.exe" /INCREMENTAL /NOLOGO kernel32.lib user32.lib gdi32.lib winspool.lib comdlg32.lib advapi32.lib shell32.lib ole32.lib oleaut32.lib uuid.lib odbc32.lib odbccp32.lib kernel32.lib user32.lib gdi32.lib winspool.lib comdlg32.lib advapi32.lib shell32.lib ole32.lib oleaut32.lib uuid.lib odbc32.lib odbccp32.lib ws2_32.lib /MANIFEST /ManifestFile:"Debug\TCPSrv.exe.intermediate.manifest" /MANIFESTUAC:"level='asInvoker' uiAccess='false'" /DEBUG /PDB:"D:\UDM\wurd\learnC++\Debug\TCPSrv.pdb" /SUBSYSTEM:CONSOLE /TLBID:1 /DYNAMICBASE /NXCOMPAT /IMPLIB:"D:\UDM\wurd\learnC++\Debug\TCPSrv.lib" /MACHINE:X86 Debug\TCPSrv.exe.embed.manifest.res
         Debug\TcpSrv.obj
       Manifest:
         C:\Program Files (x86)\Microsoft SDKs\Windows\v7.0A\bin\mt.exe /nologo /verbose /out:"Debug\TCPSrv.exe.embed.manifest" /manifest Debug\TCPSrv.exe.intermediate.manifest
         All outputs are up-to-date.
       LinkEmbedManifest:
         All outputs are up-to-date.
         TCPSrv.vcxproj -> D:\UDM\wurd\learnC++\Debug\TCPSrv.exe
       FinalizeBuildStatus:
         Deleting file "Debug\TCPSrv.unsuccessfulbuild".
         Touching "Debug\TCPSrv.lastbuildstate".
     1>Done Building Project "D:\UDM\wurd\learnC++\TCPSrv\TCPSrv.vcxproj" (build target(s)).

Build succeeded.

Time Elapsed 00:00:01.17
