Build started 2020/5/25 23:20:37.
     1>Project "D:\UDM\wurd\learnC++\Draw\Draw.vcxproj" on node 2 (build target(s)).
     1>InitializeBuildStatus:
         Creating "Debug\Draw.unsuccessfulbuild" because "AlwaysCreate" was specified.
       ClCompile:
         All outputs are up-to-date.
         d:\softInstall\Microsoft Visual Studio 10.0\VC\bin\CL.exe /c /ZI /nologo /W3 /WX- /Od /Oy- /D WIN32 /D _WINDOWS /D _DEBUG /D _UNICODE /D UNICODE /D _AFXDLL /Gm /EHsc /RTC1 /MDd /GS /fp:precise /Zc:wchar_t /Zc:forScope /Yu"StdAfx.h" /Fp"Debug\Draw.pch" /Fo"Debug\\" /Fd"Debug\vc100.pdb" /Gd /TP /analyze- /errorReport:prompt Draw.cpp DrawView.cpp
         DrawView.cpp
         Draw.cpp
         Generating Code...
       ResourceCompile:
         All outputs are up-to-date.
       ManifestResourceCompile:
         All outputs are up-to-date.
       Link:
         d:\softInstall\Microsoft Visual Studio 10.0\VC\bin\link.exe /ERRORREPORT:PROMPT /OUT:"D:\UDM\wurd\learnC++\Debug\Draw.exe" /INCREMENTAL /NOLOGO /MANIFEST /ManifestFile:"Debug\Draw.exe.intermediate.manifest" /MANIFESTUAC:"level='asInvoker' uiAccess='false'" /DEBUG /PDB:"D:\UDM\wurd\learnC++\Debug\Draw.pdb" /SUBSYSTEM:WINDOWS /TLBID:1 /ENTRY:"wWinMainCRTStartup" /DYNAMICBASE /NXCOMPAT /IMPLIB:"D:\UDM\wurd\learnC++\Debug\Draw.lib" /MACHINE:X86 Debug\Draw.res
         Debug\Draw.exe.embed.manifest.res
         Debug\ClassView.obj
         Debug\Draw.obj
         Debug\DrawDoc.obj
         Debug\DrawView.obj
         Debug\FileView.obj
         Debug\MainFrm.obj
         Debug\OutputWnd.obj
         Debug\PropertiesWnd.obj
         Debug\stdafx.obj
         Debug\ViewTree.obj
       Manifest:
         C:\Program Files (x86)\Microsoft SDKs\Windows\v7.0A\bin\mt.exe /nologo /verbose /out:"Debug\Draw.exe.embed.manifest" /manifest Debug\Draw.exe.intermediate.manifest "d:\softInstall\Microsoft Visual Studio 10.0\VC\Include\Manifest\dpiaware.manifest"
         All outputs are up-to-date.
       LinkEmbedManifest:
         All outputs are up-to-date.
         Draw.vcxproj -> D:\UDM\wurd\learnC++\Debug\Draw.exe
       FinalizeBuildStatus:
         Deleting file "Debug\Draw.unsuccessfulbuild".
         Touching "Debug\Draw.lastbuildstate".
     1>Done Building Project "D:\UDM\wurd\learnC++\Draw\Draw.vcxproj" (build target(s)).

Build succeeded.

Time Elapsed 00:00:14.20
