Build started 2020/6/6 18:38:47.
     1>Project "D:\UDM\wurd\learnC++\AppStyle\AppStyle.vcxproj" on node 2 (build target(s)).
     1>InitializeBuildStatus:
         Creating "Debug\AppStyle.unsuccessfulbuild" because "AlwaysCreate" was specified.
       ClCompile:
         All outputs are up-to-date.
         d:\softInstall\Microsoft Visual Studio 10.0\VC\bin\CL.exe /c /ZI /nologo /W3 /WX- /Od /Oy- /D WIN32 /D _WINDOWS /D _DEBUG /D _UNICODE /D UNICODE /D _AFXDLL /Gm /EHsc /RTC1 /MDd /GS /fp:precise /Zc:wchar_t /Zc:forScope /Yu"StdAfx.h" /Fp"Debug\AppStyle.pch" /Fo"Debug\\" /Fd"Debug\vc100.pdb" /Gd /TP /analyze- /errorReport:prompt AppStyle.cpp AppStyleDoc.cpp AppStyleView.cpp MainFrm.cpp
         AppStyleView.cpp
         Generating Code...
         Skipping... (no relevant changes detected)
         MainFrm.cpp
         AppStyleDoc.cpp
         AppStyle.cpp
       ResourceCompile:
         C:\Program Files (x86)\Microsoft SDKs\Windows\v7.0A\bin\rc.exe /D _DEBUG /D _UNICODE /D UNICODE /D _AFXDLL /l"0x0409" /IDebug\ /nologo /fo"Debug\AppStyle.res" AppStyle.rc 
       ManifestResourceCompile:
         All outputs are up-to-date.
       Link:
         d:\softInstall\Microsoft Visual Studio 10.0\VC\bin\link.exe /ERRORREPORT:PROMPT /OUT:"D:\UDM\wurd\learnC++\Debug\AppStyle.exe" /INCREMENTAL /NOLOGO /MANIFEST /ManifestFile:"Debug\AppStyle.exe.intermediate.manifest" /MANIFESTUAC:"level='asInvoker' uiAccess='false'" /DEBUG /PDB:"D:\UDM\wurd\learnC++\Debug\AppStyle.pdb" /SUBSYSTEM:WINDOWS /TLBID:1 /ENTRY:"wWinMainCRTStartup" /DYNAMICBASE /NXCOMPAT /IMPLIB:"D:\UDM\wurd\learnC++\Debug\AppStyle.lib" /MACHINE:X86 Debug\AppStyle.res
         Debug\AppStyle.exe.embed.manifest.res
         Debug\AppStyle.obj
         Debug\AppStyleDoc.obj
         Debug\AppStyleView.obj
         Debug\MainFrm.obj
         Debug\stdafx.obj
       Manifest:
         C:\Program Files (x86)\Microsoft SDKs\Windows\v7.0A\bin\mt.exe /nologo /verbose /out:"Debug\AppStyle.exe.embed.manifest" /manifest Debug\AppStyle.exe.intermediate.manifest "d:\softInstall\Microsoft Visual Studio 10.0\VC\Include\Manifest\dpiaware.manifest"
         All outputs are up-to-date.
       LinkEmbedManifest:
         All outputs are up-to-date.
         AppStyle.vcxproj -> D:\UDM\wurd\learnC++\Debug\AppStyle.exe
       FinalizeBuildStatus:
         Deleting file "Debug\AppStyle.unsuccessfulbuild".
         Touching "Debug\AppStyle.lastbuildstate".
     1>Done Building Project "D:\UDM\wurd\learnC++\AppStyle\AppStyle.vcxproj" (build target(s)).

Build succeeded.

Time Elapsed 00:00:02.04
